20:51:48,724 Bot INFO ###########################################################
20:51:49,469 Bot INFO A data sample
20:51:49,470 Bot INFO                 author created_utc  num_comments  score        domain  locked  \
0  LazySundayBreakfast  2019-01-01            19    330  self.Liberal   False   

  subreddit     tclass  \
0   Liberal  political   

                                                                   text  
0      crime   democrat slogan    presidential election  anything        
20:51:49,476 Bot INFO The shape of the data is (505676, 9)
20:51:50,369 Bot INFO Taking 20.0% test subset. The resulting train shape is (404540, 9) and test shape is (101136, 9)
20:51:51,66 Bot INFO dividng data into classes
20:51:51,142 Bot INFO Joining the series of text into one string per category
20:51:51,346 Bot INFO Dividing those long strings into lists of words
20:51:51,945 Bot INFO Creating wordclouds of each class (pol, nonpol, Canada) and saving the resulting images to disk
20:51:51,948 Bot INFO word cloud 1/3
20:51:51,949 Bot INFO Political wordcloud
20:52:07,321 Bot INFO word cloud 2/3
20:52:07,322 Bot INFO non- Political wordcloud
20:52:32,186 Bot INFO word cloud 3/3
20:52:32,186 Bot INFO R/Canada (test)
20:52:35,457 Bot INFO Couting the occurences of each word per class
20:52:35,457 Bot INFO Number of words are 2025894, 3124629, and 332602
20:52:36,893 Bot INFO Number of distinct words is 25052, 48967, and 15191
20:52:36,893 Bot INFO Visualizing the top 15 common words in each category [latex code below]
20:52:36,955 Bot INFO +------------------------------------------+
|  Most common 15 words in each category   |
+-------------+---------------+------------+
|  Political  | Non-Political |   Canada   |
+-------------+---------------+------------+
|    trump    |      like     |   canada   |
|    biden    |      make     |  canadian  |
|    house    |      know     |  trudeau   |
| coronavirus |     think     |    news    |
|     call    |      tell     |   would    |
|   democrat  |     would     |    make    |
|  president  |      want     |    like    |
|    white    |      take     |    want    |
|   election  |      time     |   people   |
|     vote    |     people    | government |
|  republican |      feel     |    year    |
|    sander   |     start     |  ontario   |
|    state    |      year     |    call    |
|    donald   |      come     |  liberal   |
|   campaign  |      look     |    take    |
+-------------+---------------+------------+
20:52:36,968 Bot INFO \begin{tabular}{ccc}
Political & Non-Political & Canada \\
trump & like & canada \\
biden & make & canadian \\
house & know & trudeau \\
coronavirus & think & news \\
call & tell & would \\
democrat & would & make \\
president & want & like \\
white & take & want \\
election & time & people \\
vote & people & government \\
republican & feel & year \\
sander & start & ontario \\
state & year & call \\
donald & come & liberal \\
campaign & look & take \\
\end{tabular}
20:52:37,285 Bot INFO Creating a table of the number of occurence of each word in each of the two classes. Saved as worddict
20:52:38,210 Bot INFO Number of distinct words is 56255
20:52:38,211 Bot INFO Droping word occuring less than 50 times
20:52:38,219 Bot INFO  number of words occuring at least 50 times is 6385 wordds
20:52:38,219 Bot INFO Computing proto score. Equation 1. Objective, choose top k words
20:52:38,225 Bot INFO Removing names and other non-recognizable words. Unfortunately, some names would be detected since they hold a second meaning
20:52:38,550 Bot INFO keeping top 50 words in each class
20:52:38,560 Bot INFO Number of words after keeping top 50 words is 100
20:52:38,593 Bot INFO Creating wordcloud of each of the k=50 words and saving them inside /data/images/
20:52:38,594 Bot INFO top political wordcloud
20:52:39,502 Bot INFO top non-political wordcloud
20:52:40,380 Bot INFO Couting the occurence of the chosen words inside each of the posts. The resulting dataframe is of shape (number of posts)x(2k).
20:53:01,648 Bot INFO saved as wp_in_u_50 with the dimension of (404540, 1)
20:53:01,689 Bot INFO Transforming the previous variable into a dataframe. saved as wp_proto_50
20:53:58,429 Bot INFO Finding outliers and printing them.
20:53:58,430 Bot INFO Words appearing more than 30 times in the same post are considered as outliers.
20:53:58,430 Bot INFO No action is being taken atm but we can consider resetting them to 30
20:53:58,648 Bot INFO +--------------------------------------------------------------------------------------+
|                  Words occuring more than 30 times in a single post                  |
+---------------+----------------------------------------------------------------------+
|      word     |                           high occurences                            |
+---------------+----------------------------------------------------------------------+
|  impeachment  |                          36,41,45,48,69,89                           |
|    impeach    |                         37,41,44,45,48,70,89                         |
|     trump     | 31,31,32,32,32,33,34,35,36,39,39,39,40,41,44,53,54,54,64,64,65,83,85 |
|    subpoena   |                                  35                                  |
|    democrat   |                                35,39                                 |
|     sander    |                               59,64,80                               |
|      tara     |                                  35                                  |
| congresswoman |                                  35                                  |
|    elector    |                                  35                                  |
+---------------+----------------------------------------------------------------------+
20:53:58,690 Bot INFO Computing the sum of words in each post
20:54:02,983 Bot INFO Creating the first set of features, equation 2. (#occurence of wp in u)/(#words in u). A table of (#posts)x(2k)
20:54:03,164 Bot INFO saved as proto_50
20:54:03,172 Bot INFO The next feature is a score per (post,class)
20:54:03,443 Bot INFO saved as protoc_50
