14:43:49,10 Bot INFO ###########################################################
14:43:50,66 Bot INFO A data sample
14:43:50,67 Bot INFO                                                                       X  Y
0      crime   democrat slogan    presidential election  anything        1
14:43:50,70 Bot INFO The shape of the data is (505676, 2)
14:43:50,71 Bot INFO Proportions of positive (political) and negative labels:
14:43:50,75 Bot INFO 1    0.683711
0    0.316289
Name: Y, dtype: float64
14:43:57,564 Bot INFO Taking 20.0% test subset. The resulting train shape is (404540, 62097) and test shape is (101136,)
09:48:41,83 Bot INFO ###########################################################
09:48:42,336 Bot INFO A data sample
09:48:42,336 Bot INFO                                                                       X  Y
0      crime   democrat slogan    presidential election  anything        1
09:48:42,343 Bot INFO The shape of the data is (505676, 2)
09:48:42,344 Bot INFO Proportions of positive (political) and negative labels:
09:48:42,349 Bot INFO 1    0.683711
0    0.316289
Name: Y, dtype: float64
09:49:51,281 Bot INFO ###########################################################
09:49:52,325 Bot INFO A data sample
09:49:52,325 Bot INFO                                              X  Y
107970  knife   democrat gather   third debate  1
09:49:52,328 Bot INFO The shape of the data is (100000, 2)
09:49:52,328 Bot INFO Proportions of positive (political) and negative labels:
09:49:52,330 Bot INFO 1    0.68283
0    0.31717
Name: Y, dtype: float64
09:49:54,62 Bot INFO Taking 20.0% test subset. The resulting train shape is (80000, 31057) and test shape is (20000,)
12:34:13,47 Bot INFO Best parameters
12:34:13,48 Bot INFO RandomForestClassifier(bootstrap=False, class_weight='balanced_subsample',
                       max_depth=80, min_samples_leaf=2, min_samples_split=5,
                       n_estimators=1000)
12:34:13,49 Bot INFO Best score
12:34:13,49 Bot INFO 0.9083
12:34:19,165 Bot INFO Confusion Matrix:
12:34:19,171 Bot INFO [[ 5741   602]
 [ 1231 12426]]
12:34:19,172 Bot INFO Accuracy
12:34:19,174 Bot INFO 0.90835
12:34:19,174 Bot INFO Precision Recall Fscore Support
12:34:19,180 Bot INFO (array([0.8234366 , 0.95379183]), array([0.90509223, 0.90986307]), array([0.86233571, 0.93130972]), array([ 6343, 13657], dtype=int64))
12:38:59,869 parso.cache DEBUG pickle loaded: C:\JupyterLab\resources\jlab_server\lib\site-packages\jedi\third_party\typeshed\stdlib\3\builtins.pyi
12:38:59,915 parso.cache DEBUG pickle loaded: C:\JupyterLab\resources\jlab_server\lib\site-packages\sklearn\ensemble\_forest.py
12:38:59,964 parso.cache DEBUG pickle loaded: C:\JupyterLab\resources\jlab_server\lib\site-packages\sklearn\__init__.py
12:39:00,29 parso.cache DEBUG pickle loaded: C:\JupyterLab\resources\jlab_server\lib\site-packages\sklearn\base.py
12:39:00,97 parso.cache DEBUG pickle loaded: C:\JupyterLab\resources\jlab_server\lib\site-packages\sklearn\ensemble\__init__.py
12:39:00,185 parso.cache DEBUG pickle loaded: C:\JupyterLab\resources\jlab_server\lib\abc.py
12:39:00,203 parso.cache DEBUG pickle loaded: C:\JupyterLab\resources\jlab_server\lib\site-packages\jedi\third_party\typeshed\stdlib\3\abc.pyi
12:39:00,286 parso.cache DEBUG pickle loaded: C:\JupyterLab\resources\jlab_server\lib\site-packages\jedi\third_party\typeshed\stdlib\3\sys.pyi
12:39:26,327 Bot INFO A data sample
12:39:26,328 Bot INFO                                                                       X  Y
0      crime   democrat slogan    presidential election  anything        1
12:39:26,330 Bot INFO The shape of the data is (505676, 2)
12:39:26,331 Bot INFO Proportions of positive (political) and negative labels:
12:39:26,335 Bot INFO 1    0.683711
0    0.316289
Name: Y, dtype: float64
13:15:06,300 Bot INFO A data sample
13:15:06,300 Bot INFO                                                                       X  Y
0      crime   democrat slogan    presidential election  anything        1
13:15:06,316 Bot INFO The shape of the data is (505676, 2)
13:15:06,316 Bot INFO Proportions of positive (political) and negative labels:
13:15:06,319 Bot INFO 1    0.683711
0    0.316289
Name: Y, dtype: float64
13:15:14,372 Bot INFO Taking 20.0% test subset. The resulting train shape is (404540, 62097) and test shape is (101136,)
13:40:59,713 parso.python.diff DEBUG diff parser start
13:40:59,713 parso.python.diff DEBUG line_lengths old: 5; new: 3
13:40:59,713 parso.python.diff DEBUG -> code[equal] old[1:2] new[1:2]
13:40:59,715 parso.python.diff DEBUG parse_part from 1 to 3 (to 2 in part parser)
13:40:59,715 parso.python.diff DEBUG -> code[replace] old[3:5] new[3:3]
13:40:59,715 parso.python.diff DEBUG diff parser end
13:44:14,736 parso.python.diff DEBUG diff parser start
13:44:14,738 parso.python.diff DEBUG line_lengths old: 3; new: 3
13:44:14,738 parso.python.diff DEBUG -> code[equal] old[1:2] new[1:2]
13:44:14,739 parso.python.diff DEBUG parse_part from 1 to 3 (to 2 in part parser)
13:44:14,739 parso.python.diff DEBUG -> code[replace] old[3:3] new[3:3]
13:44:14,739 parso.python.diff DEBUG diff parser end
15:28:26,317 parso.python.diff DEBUG diff parser start
15:28:26,318 parso.python.diff DEBUG line_lengths old: 3; new: 1
15:28:26,319 parso.python.diff DEBUG -> code[replace] old[1:3] new[1:1]
15:28:26,322 parso.python.diff DEBUG parse_part from 1 to 1 (to 0 in part parser)
15:28:26,323 parso.python.diff DEBUG diff parser end
15:28:38,49 Bot INFO Confusion Matrix:
15:28:38,75 Bot INFO [[28231  3757]
 [ 4867 64281]]
15:28:38,76 Bot INFO Accuracy
15:28:38,84 Bot INFO 0.9147286821705426
15:28:38,85 Bot INFO Precision Recall Fscore Support
15:28:38,119 Bot INFO (array([0.85295184, 0.94478086]), array([0.88254971, 0.92961474]), array([0.86749839, 0.93713644]), array([31988, 69148], dtype=int64))
15:28:38,141 Bot INFO Saving trained model to ../data/models/randomforest_26Nov.pickle
15:34:27,286 Bot INFO Saving trained model to ../data/models/randomforest_26Nov.pickle
13:57:27,63 Bot INFO ###########################################################
13:57:40,616 parso.python.diff DEBUG diff parser start
13:57:40,617 parso.python.diff DEBUG line_lengths old: 2; new: 4
13:57:40,617 parso.python.diff DEBUG -> code[equal] old[1:1] new[1:1]
13:57:40,618 parso.python.diff DEBUG parse_part from 1 to 2 (to 2 in part parser)
13:57:40,620 parso.python.diff DEBUG -> code[replace] old[2:2] new[2:4]
13:57:40,621 parso.python.diff DEBUG parse_part from 3 to 4 (to 3 in part parser)
13:57:40,621 parso.python.diff DEBUG diff parser end
13:57:44,413 Bot INFO A data sample
13:57:44,413 Bot INFO                                                                       X  Y
0      crime   democrat slogan    presidential election  anything        1
13:57:44,418 Bot INFO The shape of the data is (505676, 2)
13:57:44,420 Bot INFO Proportions of positive (political) and negative labels:
13:57:44,428 Bot INFO 1    0.683711
0    0.316289
Name: Y, dtype: float64
13:58:09,774 Bot INFO Taking 20.0% test subset. The resulting train shape is (404540, 62097) and test shape is (101136,)
15:10:15,454 Bot INFO Saving trained model to ../data/models/randomforest_06Dec.pickle
15:11:58,615 parso.python.diff DEBUG diff parser start
15:11:58,615 parso.python.diff DEBUG line_lengths old: 4; new: 15
15:11:58,615 parso.python.diff DEBUG -> code[replace] old[1:4] new[1:15]
15:11:58,618 parso.python.diff DEBUG parse_part from 1 to 15 (to 14 in part parser)
15:11:58,618 parso.python.diff DEBUG diff parser end
15:11:58,663 parso.cache DEBUG pickle loaded: C:\ProgramData\Anaconda3\lib\site-packages\tabulate.py
15:11:58,720 parso.cache DEBUG pickle loaded: C:\ProgramData\Anaconda3\lib\site-packages\jedi\third_party\typeshed\third_party\2and3\tabulate.pyi
15:11:58,782 parso.cache DEBUG pickle loaded: C:\ProgramData\Anaconda3\lib\site-packages\jedi\third_party\typeshed\stdlib\2and3\builtins.pyi
15:11:58,799 parso.cache DEBUG pickle loaded: C:\ProgramData\Anaconda3\lib\site-packages\jedi\third_party\typeshed\stdlib\3\sys.pyi
15:11:58,834 parso.cache DEBUG pickle loaded: C:\ProgramData\Anaconda3\lib\typing.py
15:11:58,854 parso.cache DEBUG pickle loaded: C:\ProgramData\Anaconda3\lib\site-packages\jedi\third_party\typeshed\stdlib\3\typing.pyi
15:14:35,406 Bot INFO +-----------+----------+----------+
|           |    Train |    Valid |
|-----------+----------+----------|
| Accuracy  | 0.924895 | 0.91549  |
| f1_score  | 0.944596 | 0.937601 |
| Precision | 0.952914 | 0.946745 |
| Recall    | 0.936422 | 0.928631 |
+-----------+----------+----------+
15:14:35,406 Bot INFO \begin{tabular}{lrr}
\hline
           &    Train &    Valid \\
\hline
 Accuracy  & 0.924895 & 0.91549  \\
 f1_score  & 0.944596 & 0.937601 \\
 Precision & 0.952914 & 0.946745 \\
 Recall    & 0.936422 & 0.928631 \\
\hline
\end{tabular}
15:14:53,593 Bot INFO +-----------+----------+----------+
|           |    Train |    Valid |
|-----------+----------+----------|
| Accuracy  | 0.924895 | 0.91549  |
| f1_score  | 0.944596 | 0.937601 |
| Precision | 0.952914 | 0.946745 |
| Recall    | 0.936422 | 0.928631 |
+-----------+----------+----------+
15:14:53,594 Bot INFO \begin{tabular}{lrr}
\hline
           &    Train &    Valid \\
\hline
 Accuracy  & 0.924895 & 0.91549  \\
 f1_score  & 0.944596 & 0.937601 \\
 Precision & 0.952914 & 0.946745 \\
 Recall    & 0.936422 & 0.928631 \\
\hline
\end{tabular}
15:14:59,192 Bot INFO +-----------+----------+----------+
|           |    Train |    Valid |
|-----------+----------+----------|
| Accuracy  | 0.924895 | 0.91549  |
| f1_score  | 0.944596 | 0.937601 |
| Precision | 0.952914 | 0.946745 |
| Recall    | 0.936422 | 0.928631 |
+-----------+----------+----------+
15:14:59,192 Bot INFO \begin{tabular}{lrr}
\hline
           &    Train &    Valid \\
\hline
 Accuracy  & 0.924895 & 0.91549  \\
 f1_score  & 0.944596 & 0.937601 \\
 Precision & 0.952914 & 0.946745 \\
 Recall    & 0.936422 & 0.928631 \\
\hline
\end{tabular}
15:42:12,518 parso.python.diff DEBUG diff parser start
15:42:12,519 parso.python.diff DEBUG line_lengths old: 15; new: 1
15:42:12,519 parso.python.diff DEBUG -> code[replace] old[1:15] new[1:1]
15:42:12,520 parso.python.diff DEBUG parse_part from 1 to 1 (to 0 in part parser)
15:42:12,521 parso.python.diff DEBUG diff parser end
15:43:08,262 parso.python.diff DEBUG diff parser start
15:43:08,263 parso.python.diff DEBUG line_lengths old: 1; new: 1
15:43:08,263 parso.python.diff DEBUG -> code[replace] old[1:1] new[1:1]
15:43:08,263 parso.python.diff DEBUG parse_part from 1 to 1 (to 0 in part parser)
15:43:08,264 parso.python.diff DEBUG diff parser end
15:43:08,299 parso.cache DEBUG pickle loaded: C:\ProgramData\Anaconda3\lib\site-packages\numpy\__init__.py
15:43:08,336 parso.cache DEBUG pickle loaded: C:\ProgramData\Anaconda3\lib\site-packages\numpy\__init__.pyi
15:43:29,660 parso.python.diff DEBUG diff parser start
15:43:29,661 parso.python.diff DEBUG line_lengths old: 1; new: 1
15:43:29,661 parso.python.diff DEBUG -> code[replace] old[1:1] new[1:1]
15:43:29,661 parso.python.diff DEBUG parse_part from 1 to 1 (to 0 in part parser)
15:43:29,664 parso.python.diff DEBUG diff parser end
16:24:04,854 parso.python.diff DEBUG diff parser start
16:24:04,855 parso.python.diff DEBUG line_lengths old: 1; new: 1
16:24:04,855 parso.python.diff DEBUG -> code[replace] old[1:1] new[1:1]
16:24:04,855 parso.python.diff DEBUG parse_part from 1 to 1 (to 0 in part parser)
16:24:04,855 parso.python.diff DEBUG diff parser end
16:24:04,931 parso.cache DEBUG pickle loaded: C:\ProgramData\Anaconda3\lib\site-packages\pandas\core\frame.py
16:24:04,972 parso.cache DEBUG pickle loaded: C:\ProgramData\Anaconda3\lib\site-packages\pandas\__init__.py
16:24:04,981 parso.cache DEBUG pickle loaded: C:\ProgramData\Anaconda3\lib\site-packages\pandas\core\__init__.py
16:24:05,46 parso.cache DEBUG pickle loaded: C:\ProgramData\Anaconda3\lib\site-packages\pandas\core\generic.py
16:24:05,139 parso.cache DEBUG pickle loaded: C:\ProgramData\Anaconda3\lib\site-packages\pandas\core\base.py
16:24:05,169 parso.cache DEBUG pickle loaded: C:\ProgramData\Anaconda3\lib\site-packages\pandas\core\accessor.py
16:24:05,205 parso.cache DEBUG pickle loaded: C:\ProgramData\Anaconda3\lib\site-packages\pandas\core\indexing.py
16:24:05,249 parso.cache DEBUG pickle loaded: C:\ProgramData\Anaconda3\lib\site-packages\pandas\core\arraylike.py
16:24:05,297 parso.cache DEBUG pickle loaded: C:\ProgramData\Anaconda3\lib\site-packages\pandas\_typing.py
16:24:05,334 parso.cache DEBUG pickle loaded: C:\ProgramData\Anaconda3\lib\types.py
16:24:05,351 parso.cache DEBUG pickle loaded: C:\ProgramData\Anaconda3\lib\site-packages\jedi\third_party\typeshed\stdlib\3\types.pyi
16:24:05,382 parso.cache DEBUG pickle loaded: C:\ProgramData\Anaconda3\lib\site-packages\pandas\core\series.py
16:24:05,415 parso.cache DEBUG pickle loaded: C:\ProgramData\Anaconda3\lib\site-packages\pandas\core\strings\__init__.py
16:24:05,439 parso.cache DEBUG pickle loaded: C:\ProgramData\Anaconda3\lib\site-packages\pandas\core\strings\accessor.py
16:24:06,365 parso.python.diff DEBUG diff parser start
16:24:06,365 parso.python.diff DEBUG line_lengths old: 1; new: 1
16:24:06,365 parso.python.diff DEBUG -> code[replace] old[1:1] new[1:1]
16:24:06,366 parso.python.diff DEBUG parse_part from 1 to 1 (to 0 in part parser)
16:24:06,366 parso.python.diff DEBUG diff parser end
16:24:44,108 parso.python.diff DEBUG diff parser start
16:24:44,109 parso.python.diff DEBUG line_lengths old: 1; new: 1
16:24:44,110 parso.python.diff DEBUG -> code[replace] old[1:1] new[1:1]
16:24:44,111 parso.python.diff DEBUG parse_part from 1 to 1 (to 0 in part parser)
16:24:44,113 parso.python.diff DEBUG diff parser end
16:28:52,277 parso.python.diff DEBUG diff parser start
16:28:52,277 parso.python.diff DEBUG line_lengths old: 1; new: 1
16:28:52,277 parso.python.diff DEBUG -> code[replace] old[1:1] new[1:1]
16:28:52,278 parso.python.diff DEBUG parse_part from 1 to 1 (to 0 in part parser)
16:28:52,278 parso.python.diff DEBUG diff parser end
16:29:07,902 parso.python.diff DEBUG diff parser start
16:29:07,903 parso.python.diff DEBUG line_lengths old: 1; new: 1
16:29:07,903 parso.python.diff DEBUG -> code[replace] old[1:1] new[1:1]
16:29:07,903 parso.python.diff DEBUG parse_part from 1 to 1 (to 0 in part parser)
16:29:07,904 parso.python.diff DEBUG diff parser end
16:35:40,510 parso.python.diff DEBUG diff parser start
16:35:40,510 parso.python.diff DEBUG line_lengths old: 1; new: 1
16:35:40,510 parso.python.diff DEBUG -> code[replace] old[1:1] new[1:1]
16:35:40,518 parso.python.diff DEBUG parse_part from 1 to 1 (to 0 in part parser)
16:35:40,518 parso.python.diff DEBUG diff parser end
16:35:45,928 parso.python.diff DEBUG diff parser start
16:35:45,928 parso.python.diff DEBUG line_lengths old: 1; new: 1
16:35:45,928 parso.python.diff DEBUG -> code[replace] old[1:1] new[1:1]
16:35:45,930 parso.python.diff DEBUG parse_part from 1 to 1 (to 0 in part parser)
16:35:45,930 parso.python.diff DEBUG diff parser end
